c:\users\gusha\onedrive\desktop\쥬신\3개월차\이현학\220204_위자드오브레전드적용_데코추가\frame126\debug\frame126.pch
c:\users\gusha\onedrive\desktop\쥬신\3개월차\이현학\220204_위자드오브레전드적용_데코추가\frame126\debug\vc140.pdb
c:\users\gusha\onedrive\desktop\쥬신\3개월차\이현학\220204_위자드오브레전드적용_데코추가\frame126\debug\vc140.idb
c:\users\gusha\onedrive\desktop\쥬신\3개월차\이현학\220204_위자드오브레전드적용_데코추가\frame126\debug\stdafx.obj
c:\users\gusha\onedrive\desktop\쥬신\3개월차\이현학\220204_위자드오브레전드적용_데코추가\frame126\debug\playerbar.obj
c:\users\gusha\onedrive\desktop\쥬신\3개월차\이현학\220204_위자드오브레전드적용_데코추가\frame126\debug\playerskillbar.obj
c:\users\gusha\onedrive\desktop\쥬신\3개월차\이현학\220204_위자드오브레전드적용_데코추가\frame126\debug\scene.obj
c:\users\gusha\onedrive\desktop\쥬신\3개월차\이현학\220204_위자드오브레전드적용_데코추가\frame126\debug\scenemgr.obj
c:\users\gusha\onedrive\desktop\쥬신\3개월차\이현학\220204_위자드오브레전드적용_데코추가\frame126\debug\screwbullet.obj
c:\users\gusha\onedrive\desktop\쥬신\3개월차\이현학\220204_위자드오브레전드적용_데코추가\frame126\debug\scrollmgr.obj
c:\users\gusha\onedrive\desktop\쥬신\3개월차\이현학\220204_위자드오브레전드적용_데코추가\frame126\debug\ishield.obj
c:\users\gusha\onedrive\desktop\쥬신\3개월차\이현학\220204_위자드오브레전드적용_데코추가\frame126\debug\slash.obj
c:\users\gusha\onedrive\desktop\쥬신\3개월차\이현학\220204_위자드오브레전드적용_데코추가\frame126\debug\soundmgr.obj
c:\users\gusha\onedrive\desktop\쥬신\3개월차\이현학\220204_위자드오브레전드적용_데코추가\frame126\debug\stage.obj
c:\users\gusha\onedrive\desktop\쥬신\3개월차\이현학\220204_위자드오브레전드적용_데코추가\frame126\debug\stage2.obj
c:\users\gusha\onedrive\desktop\쥬신\3개월차\이현학\220204_위자드오브레전드적용_데코추가\frame126\debug\summon.obj
c:\users\gusha\onedrive\desktop\쥬신\3개월차\이현학\220204_위자드오브레전드적용_데코추가\frame126\debug\swordman.obj
c:\users\gusha\onedrive\desktop\쥬신\3개월차\이현학\220204_위자드오브레전드적용_데코추가\frame126\debug\teleport.obj
c:\users\gusha\onedrive\desktop\쥬신\3개월차\이현학\220204_위자드오브레전드적용_데코추가\frame126\debug\tile.obj
c:\users\gusha\onedrive\desktop\쥬신\3개월차\이현학\220204_위자드오브레전드적용_데코추가\frame126\debug\tilemgr.obj
c:\users\gusha\onedrive\desktop\쥬신\3개월차\이현학\220204_위자드오브레전드적용_데코추가\frame126\debug\wizard.obj
c:\users\gusha\onedrive\desktop\쥬신\3개월차\이현학\220204_위자드오브레전드적용_데코추가\frame126\debug\wizardball.obj
c:\users\gusha\onedrive\desktop\쥬신\3개월차\이현학\220204_위자드오브레전드적용_데코추가\frame126\debug\middleboss.obj
c:\users\gusha\onedrive\desktop\쥬신\3개월차\이현학\220204_위자드오브레전드적용_데코추가\frame126\debug\wizardfire.obj
c:\users\gusha\onedrive\desktop\쥬신\3개월차\이현학\220204_위자드오브레전드적용_데코추가\frame126\debug\guidebullet.obj
c:\users\gusha\onedrive\desktop\쥬신\3개월차\이현학\220204_위자드오브레전드적용_데코추가\frame126\debug\hiteffect.obj
c:\users\gusha\onedrive\desktop\쥬신\3개월차\이현학\220204_위자드오브레전드적용_데코추가\frame126\debug\iceblast.obj
c:\users\gusha\onedrive\desktop\쥬신\3개월차\이현학\220204_위자드오브레전드적용_데코추가\frame126\debug\keymgr.obj
c:\users\gusha\onedrive\desktop\쥬신\3개월차\이현학\220204_위자드오브레전드적용_데코추가\frame126\debug\line.obj
c:\users\gusha\onedrive\desktop\쥬신\3개월차\이현학\220204_위자드오브레전드적용_데코추가\frame126\debug\linemgr.obj
c:\users\gusha\onedrive\desktop\쥬신\3개월차\이현학\220204_위자드오브레전드적용_데코추가\frame126\debug\logo.obj
c:\users\gusha\onedrive\desktop\쥬신\3개월차\이현학\220204_위자드오브레전드적용_데코추가\frame126\debug\maingame.obj
c:\users\gusha\onedrive\desktop\쥬신\3개월차\이현학\220204_위자드오브레전드적용_데코추가\frame126\debug\middlebosshpbar.obj
c:\users\gusha\onedrive\desktop\쥬신\3개월차\이현학\220204_위자드오브레전드적용_데코추가\frame126\debug\middlebossshield.obj
c:\users\gusha\onedrive\desktop\쥬신\3개월차\이현학\220204_위자드오브레전드적용_데코추가\frame126\debug\middlebossston.obj
c:\users\gusha\onedrive\desktop\쥬신\3개월차\이현학\220204_위자드오브레전드적용_데코추가\frame126\debug\monster.obj
c:\users\gusha\onedrive\desktop\쥬신\3개월차\이현학\220204_위자드오브레전드적용_데코추가\frame126\debug\mouse.obj
c:\users\gusha\onedrive\desktop\쥬신\3개월차\이현학\220204_위자드오브레전드적용_데코추가\frame126\debug\mybmp.obj
c:\users\gusha\onedrive\desktop\쥬신\3개월차\이현학\220204_위자드오브레전드적용_데코추가\frame126\debug\mybutton.obj
c:\users\gusha\onedrive\desktop\쥬신\3개월차\이현학\220204_위자드오브레전드적용_데코추가\frame126\debug\myedit.obj
c:\users\gusha\onedrive\desktop\쥬신\3개월차\이현학\220204_위자드오브레전드적용_데코추가\frame126\debug\mymenu.obj
c:\users\gusha\onedrive\desktop\쥬신\3개월차\이현학\220204_위자드오브레전드적용_데코추가\frame126\debug\obj.obj
c:\users\gusha\onedrive\desktop\쥬신\3개월차\이현학\220204_위자드오브레전드적용_데코추가\frame126\debug\objmgr.obj
c:\users\gusha\onedrive\desktop\쥬신\3개월차\이현학\220204_위자드오브레전드적용_데코추가\frame126\debug\player.obj
c:\users\gusha\onedrive\desktop\쥬신\3개월차\이현학\220204_위자드오브레전드적용_데코추가\frame126\debug\itemicecrystal.obj
c:\users\gusha\onedrive\desktop\쥬신\3개월차\이현학\220204_위자드오브레전드적용_데코추가\frame126\debug\itempotion.obj
c:\users\gusha\onedrive\desktop\쥬신\3개월차\이현학\220204_위자드오브레전드적용_데코추가\frame126\debug\lavatile.obj
c:\users\gusha\onedrive\desktop\쥬신\3개월차\이현학\220204_위자드오브레전드적용_데코추가\frame126\debug\shadow.obj
c:\users\gusha\onedrive\desktop\쥬신\3개월차\이현학\220204_위자드오브레전드적용_데코추가\frame126\debug\shop.obj
c:\users\gusha\onedrive\desktop\쥬신\3개월차\이현학\220204_위자드오브레전드적용_데코추가\frame126\debug\soilcolumn.obj
c:\users\gusha\onedrive\desktop\쥬신\3개월차\이현학\220204_위자드오브레전드적용_데코추가\frame126\debug\bosshpbar.obj
c:\users\gusha\onedrive\desktop\쥬신\3개월차\이현학\220204_위자드오브레전드적용_데코추가\frame126\debug\bullet.obj
c:\users\gusha\onedrive\desktop\쥬신\3개월차\이현학\220204_위자드오브레전드적용_데코추가\frame126\debug\childediter.obj
c:\users\gusha\onedrive\desktop\쥬신\3개월차\이현학\220204_위자드오브레전드적용_데코추가\frame126\debug\collisionmgr.obj
c:\users\gusha\onedrive\desktop\쥬신\3개월차\이현학\220204_위자드오브레전드적용_데코추가\frame126\debug\dash.obj
c:\users\gusha\onedrive\desktop\쥬신\3개월차\이현학\220204_위자드오브레전드적용_데코추가\frame126\debug\deco.obj
c:\users\gusha\onedrive\desktop\쥬신\3개월차\이현학\220204_위자드오브레전드적용_데코추가\frame126\debug\soileffect.obj
c:\users\gusha\onedrive\desktop\쥬신\3개월차\이현학\220204_위자드오브레전드적용_데코추가\frame126\debug\eventeditor.obj
c:\users\gusha\onedrive\desktop\쥬신\3개월차\이현학\220204_위자드오브레전드적용_데코추가\frame126\debug\filemgr.obj
c:\users\gusha\onedrive\desktop\쥬신\3개월차\이현학\220204_위자드오브레전드적용_데코추가\frame126\debug\fireblast.obj
c:\users\gusha\onedrive\desktop\쥬신\3개월차\이현학\220204_위자드오브레전드적용_데코추가\frame126\debug\fireblastbullet.obj
c:\users\gusha\onedrive\desktop\쥬신\3개월차\이현학\220204_위자드오브레전드적용_데코추가\frame126\debug\firedragon.obj
c:\users\gusha\onedrive\desktop\쥬신\3개월차\이현학\220204_위자드오브레전드적용_데코추가\frame126\debug\fireparticle.obj
c:\users\gusha\onedrive\desktop\쥬신\3개월차\이현학\220204_위자드오브레전드적용_데코추가\frame126\debug\frame126.obj
c:\users\gusha\onedrive\desktop\쥬신\3개월차\이현학\220204_위자드오브레전드적용_데코추가\frame126\debug\archerman.obj
c:\users\gusha\onedrive\desktop\쥬신\3개월차\이현학\220204_위자드오브레전드적용_데코추가\frame126\debug\arrow.obj
c:\users\gusha\onedrive\desktop\쥬신\3개월차\이현학\220204_위자드오브레전드적용_데코추가\frame126\debug\bmpmgr.obj
c:\users\gusha\onedrive\desktop\쥬신\3개월차\이현학\220204_위자드오브레전드적용_데코추가\frame126\debug\boss.obj
c:\users\gusha\onedrive\desktop\쥬신\3개월차\이현학\220204_위자드오브레전드적용_데코추가\frame126\debug\bossston.obj
c:\users\gusha\onedrive\desktop\쥬신\3개월차\이현학\220204_위자드오브레전드적용_데코추가\frame126\debug\bottomhole.obj
c:\users\gusha\onedrive\desktop\쥬신\3개월차\이현학\220204_위자드오브레전드적용_데코추가\frame126\debug\colisiontile.obj
c:\users\gusha\onedrive\desktop\쥬신\3개월차\이현학\220204_위자드오브레전드적용_데코추가\frame126\debug\columnskill.obj
c:\users\gusha\onedrive\desktop\쥬신\3개월차\이현학\220204_위자드오브레전드적용_데코추가\frame126\debug\combo.obj
c:\users\gusha\onedrive\desktop\쥬신\3개월차\이현학\220204_위자드오브레전드적용_데코추가\frame126\debug\gaiaarmor.obj
c:\users\gusha\onedrive\desktop\쥬신\3개월차\이현학\220204_위자드오브레전드적용_데코추가\frame126\debug\gamefont.obj
c:\users\gusha\onedrive\desktop\쥬신\3개월차\이현학\220204_위자드오브레전드적용_데코추가\frame126\debug\goldbar.obj
c:\users\gusha\onedrive\desktop\쥬신\3개월차\이현학\220204_위자드오브레전드적용_데코추가\frame126\debug\iceblastskill.obj
c:\users\gusha\onedrive\desktop\쥬신\3개월차\이현학\220204_위자드오브레전드적용_데코추가\frame126\debug\iconskill.obj
c:\users\gusha\onedrive\desktop\쥬신\3개월차\이현학\220204_위자드오브레전드적용_데코추가\frame126\debug\inventory.obj
c:\users\gusha\onedrive\desktop\쥬신\3개월차\이현학\220204_위자드오브레전드적용_데코추가\frame126\debug\itemfdragon.obj
c:\users\gusha\onedrive\desktop\쥬신\3개월차\이현학\220204_위자드오브레전드적용_데코추가\frame126\debug\itemgaiasheild.obj
c:\users\gusha\onedrive\desktop\쥬신\3개월차\이현학\220204_위자드오브레전드적용_데코추가\frame126\debug\itemgold.obj
c:\users\gusha\onedrive\desktop\쥬신\3개월차\이현학\220204_위자드오브레전드적용_데코추가\frame126\debug\itemiceblast.obj
c:\users\gusha\onedrive\desktop\쥬신\3개월차\이현학\220204_위자드오브레전드적용_데코추가\frame126\debug\ending.obj
c:\users\gusha\onedrive\desktop\쥬신\3개월차\이현학\220204_위자드오브레전드적용_데코추가\debug\frame126.ilk
c:\users\gusha\onedrive\desktop\쥬신\3개월차\이현학\220204_위자드오브레전드적용_데코추가\debug\frame126.exe
c:\users\gusha\onedrive\desktop\쥬신\3개월차\이현학\220204_위자드오브레전드적용_데코추가\debug\frame126.pdb
c:\users\gusha\onedrive\desktop\쥬신\3개월차\이현학\220204_위자드오브레전드적용_데코추가\frame126\debug\frame126.res
c:\users\gusha\onedrive\desktop\쥬신\3개월차\이현학\220204_위자드오브레전드적용_데코추가\frame126\debug\objmgr.obj.enc
c:\users\gusha\onedrive\desktop\쥬신\3개월차\이현학\220204_위자드오브레전드적용_데코추가\frame126\debug\frame126.tlog\cl.command.1.tlog
c:\users\gusha\onedrive\desktop\쥬신\3개월차\이현학\220204_위자드오브레전드적용_데코추가\frame126\debug\frame126.tlog\cl.read.1.tlog
c:\users\gusha\onedrive\desktop\쥬신\3개월차\이현학\220204_위자드오브레전드적용_데코추가\frame126\debug\frame126.tlog\cl.write.1.tlog
c:\users\gusha\onedrive\desktop\쥬신\3개월차\이현학\220204_위자드오브레전드적용_데코추가\frame126\debug\frame126.tlog\link.command.1.tlog
c:\users\gusha\onedrive\desktop\쥬신\3개월차\이현학\220204_위자드오브레전드적용_데코추가\frame126\debug\frame126.tlog\link.read.1.tlog
c:\users\gusha\onedrive\desktop\쥬신\3개월차\이현학\220204_위자드오브레전드적용_데코추가\frame126\debug\frame126.tlog\link.write.1.tlog
c:\users\gusha\onedrive\desktop\쥬신\3개월차\이현학\220204_위자드오브레전드적용_데코추가\frame126\debug\frame126.tlog\rc.command.1.tlog
c:\users\gusha\onedrive\desktop\쥬신\3개월차\이현학\220204_위자드오브레전드적용_데코추가\frame126\debug\frame126.tlog\rc.read.1.tlog
c:\users\gusha\onedrive\desktop\쥬신\3개월차\이현학\220204_위자드오브레전드적용_데코추가\frame126\debug\frame126.tlog\rc.write.1.tlog
