c:\users\gusha\onedrive\desktop\쥬신\3개월차\이현학\220204_위자드오브레전드적용_데코추가\frame126\release\frame126.pch
c:\users\gusha\onedrive\desktop\쥬신\3개월차\이현학\220204_위자드오브레전드적용_데코추가\frame126\release\vc140.pdb
c:\users\gusha\onedrive\desktop\쥬신\3개월차\이현학\220204_위자드오브레전드적용_데코추가\frame126\release\stdafx.obj
c:\users\gusha\onedrive\desktop\쥬신\3개월차\이현학\220204_위자드오브레전드적용_데코추가\frame126\release\fireblastbullet.obj
c:\users\gusha\onedrive\desktop\쥬신\3개월차\이현학\220204_위자드오브레전드적용_데코추가\frame126\release\fireblast.obj
c:\users\gusha\onedrive\desktop\쥬신\3개월차\이현학\220204_위자드오브레전드적용_데코추가\frame126\release\filemgr.obj
c:\users\gusha\onedrive\desktop\쥬신\3개월차\이현학\220204_위자드오브레전드적용_데코추가\frame126\release\eventeditor.obj
c:\users\gusha\onedrive\desktop\쥬신\3개월차\이현학\220204_위자드오브레전드적용_데코추가\frame126\release\ending.obj
c:\users\gusha\onedrive\desktop\쥬신\3개월차\이현학\220204_위자드오브레전드적용_데코추가\frame126\release\deco.obj
c:\users\gusha\onedrive\desktop\쥬신\3개월차\이현학\220204_위자드오브레전드적용_데코추가\frame126\release\dash.obj
c:\users\gusha\onedrive\desktop\쥬신\3개월차\이현학\220204_위자드오브레전드적용_데코추가\frame126\release\combo.obj
c:\users\gusha\onedrive\desktop\쥬신\3개월차\이현학\220204_위자드오브레전드적용_데코추가\frame126\release\columnskill.obj
c:\users\gusha\onedrive\desktop\쥬신\3개월차\이현학\220204_위자드오브레전드적용_데코추가\frame126\release\collisionmgr.obj
c:\users\gusha\onedrive\desktop\쥬신\3개월차\이현학\220204_위자드오브레전드적용_데코추가\frame126\release\colisiontile.obj
c:\users\gusha\onedrive\desktop\쥬신\3개월차\이현학\220204_위자드오브레전드적용_데코추가\frame126\release\childediter.obj
c:\users\gusha\onedrive\desktop\쥬신\3개월차\이현학\220204_위자드오브레전드적용_데코추가\frame126\release\bullet.obj
c:\users\gusha\onedrive\desktop\쥬신\3개월차\이현학\220204_위자드오브레전드적용_데코추가\frame126\release\bottomhole.obj
c:\users\gusha\onedrive\desktop\쥬신\3개월차\이현학\220204_위자드오브레전드적용_데코추가\frame126\release\bossston.obj
c:\users\gusha\onedrive\desktop\쥬신\3개월차\이현학\220204_위자드오브레전드적용_데코추가\frame126\release\bosshpbar.obj
c:\users\gusha\onedrive\desktop\쥬신\3개월차\이현학\220204_위자드오브레전드적용_데코추가\frame126\release\boss.obj
c:\users\gusha\onedrive\desktop\쥬신\3개월차\이현학\220204_위자드오브레전드적용_데코추가\frame126\release\bmpmgr.obj
c:\users\gusha\onedrive\desktop\쥬신\3개월차\이현학\220204_위자드오브레전드적용_데코추가\frame126\release\arrow.obj
c:\users\gusha\onedrive\desktop\쥬신\3개월차\이현학\220204_위자드오브레전드적용_데코추가\frame126\release\archerman.obj
c:\users\gusha\onedrive\desktop\쥬신\3개월차\이현학\220204_위자드오브레전드적용_데코추가\frame126\release\keymgr.obj
c:\users\gusha\onedrive\desktop\쥬신\3개월차\이현학\220204_위자드오브레전드적용_데코추가\frame126\release\itempotion.obj
c:\users\gusha\onedrive\desktop\쥬신\3개월차\이현학\220204_위자드오브레전드적용_데코추가\frame126\release\itemicecrystal.obj
c:\users\gusha\onedrive\desktop\쥬신\3개월차\이현학\220204_위자드오브레전드적용_데코추가\frame126\release\itemiceblast.obj
c:\users\gusha\onedrive\desktop\쥬신\3개월차\이현학\220204_위자드오브레전드적용_데코추가\frame126\release\itemgold.obj
c:\users\gusha\onedrive\desktop\쥬신\3개월차\이현학\220204_위자드오브레전드적용_데코추가\frame126\release\itemgaiasheild.obj
c:\users\gusha\onedrive\desktop\쥬신\3개월차\이현학\220204_위자드오브레전드적용_데코추가\frame126\release\itemfdragon.obj
c:\users\gusha\onedrive\desktop\쥬신\3개월차\이현학\220204_위자드오브레전드적용_데코추가\frame126\release\inventory.obj
c:\users\gusha\onedrive\desktop\쥬신\3개월차\이현학\220204_위자드오브레전드적용_데코추가\frame126\release\iconskill.obj
c:\users\gusha\onedrive\desktop\쥬신\3개월차\이현학\220204_위자드오브레전드적용_데코추가\frame126\release\iceblastskill.obj
c:\users\gusha\onedrive\desktop\쥬신\3개월차\이현학\220204_위자드오브레전드적용_데코추가\frame126\release\iceblast.obj
c:\users\gusha\onedrive\desktop\쥬신\3개월차\이현학\220204_위자드오브레전드적용_데코추가\frame126\release\ishield.obj
c:\users\gusha\onedrive\desktop\쥬신\3개월차\이현학\220204_위자드오브레전드적용_데코추가\frame126\release\hiteffect.obj
c:\users\gusha\onedrive\desktop\쥬신\3개월차\이현학\220204_위자드오브레전드적용_데코추가\frame126\release\guidebullet.obj
c:\users\gusha\onedrive\desktop\쥬신\3개월차\이현학\220204_위자드오브레전드적용_데코추가\frame126\release\goldbar.obj
c:\users\gusha\onedrive\desktop\쥬신\3개월차\이현학\220204_위자드오브레전드적용_데코추가\frame126\release\gamefont.obj
c:\users\gusha\onedrive\desktop\쥬신\3개월차\이현학\220204_위자드오브레전드적용_데코추가\frame126\release\gaiaarmor.obj
c:\users\gusha\onedrive\desktop\쥬신\3개월차\이현학\220204_위자드오브레전드적용_데코추가\frame126\release\frame126.obj
c:\users\gusha\onedrive\desktop\쥬신\3개월차\이현학\220204_위자드오브레전드적용_데코추가\frame126\release\fireparticle.obj
c:\users\gusha\onedrive\desktop\쥬신\3개월차\이현학\220204_위자드오브레전드적용_데코추가\frame126\release\firedragon.obj
c:\users\gusha\onedrive\desktop\쥬신\3개월차\이현학\220204_위자드오브레전드적용_데코추가\frame126\release\playerskillbar.obj
c:\users\gusha\onedrive\desktop\쥬신\3개월차\이현학\220204_위자드오브레전드적용_데코추가\frame126\release\playerbar.obj
c:\users\gusha\onedrive\desktop\쥬신\3개월차\이현학\220204_위자드오브레전드적용_데코추가\frame126\release\player.obj
c:\users\gusha\onedrive\desktop\쥬신\3개월차\이현학\220204_위자드오브레전드적용_데코추가\frame126\release\objmgr.obj
c:\users\gusha\onedrive\desktop\쥬신\3개월차\이현학\220204_위자드오브레전드적용_데코추가\frame126\release\obj.obj
c:\users\gusha\onedrive\desktop\쥬신\3개월차\이현학\220204_위자드오브레전드적용_데코추가\frame126\release\mymenu.obj
c:\users\gusha\onedrive\desktop\쥬신\3개월차\이현학\220204_위자드오브레전드적용_데코추가\frame126\release\myedit.obj
c:\users\gusha\onedrive\desktop\쥬신\3개월차\이현학\220204_위자드오브레전드적용_데코추가\frame126\release\mybutton.obj
c:\users\gusha\onedrive\desktop\쥬신\3개월차\이현학\220204_위자드오브레전드적용_데코추가\frame126\release\mybmp.obj
c:\users\gusha\onedrive\desktop\쥬신\3개월차\이현학\220204_위자드오브레전드적용_데코추가\frame126\release\mouse.obj
c:\users\gusha\onedrive\desktop\쥬신\3개월차\이현학\220204_위자드오브레전드적용_데코추가\frame126\release\monster.obj
c:\users\gusha\onedrive\desktop\쥬신\3개월차\이현학\220204_위자드오브레전드적용_데코추가\frame126\release\middlebossston.obj
c:\users\gusha\onedrive\desktop\쥬신\3개월차\이현학\220204_위자드오브레전드적용_데코추가\frame126\release\middlebossshield.obj
c:\users\gusha\onedrive\desktop\쥬신\3개월차\이현학\220204_위자드오브레전드적용_데코추가\frame126\release\middlebosshpbar.obj
c:\users\gusha\onedrive\desktop\쥬신\3개월차\이현학\220204_위자드오브레전드적용_데코추가\frame126\release\middleboss.obj
c:\users\gusha\onedrive\desktop\쥬신\3개월차\이현학\220204_위자드오브레전드적용_데코추가\frame126\release\maingame.obj
c:\users\gusha\onedrive\desktop\쥬신\3개월차\이현학\220204_위자드오브레전드적용_데코추가\frame126\release\logo.obj
c:\users\gusha\onedrive\desktop\쥬신\3개월차\이현학\220204_위자드오브레전드적용_데코추가\frame126\release\linemgr.obj
c:\users\gusha\onedrive\desktop\쥬신\3개월차\이현학\220204_위자드오브레전드적용_데코추가\frame126\release\line.obj
c:\users\gusha\onedrive\desktop\쥬신\3개월차\이현학\220204_위자드오브레전드적용_데코추가\frame126\release\lavatile.obj
c:\users\gusha\onedrive\desktop\쥬신\3개월차\이현학\220204_위자드오브레전드적용_데코추가\frame126\release\wizardfire.obj
c:\users\gusha\onedrive\desktop\쥬신\3개월차\이현학\220204_위자드오브레전드적용_데코추가\frame126\release\wizardball.obj
c:\users\gusha\onedrive\desktop\쥬신\3개월차\이현학\220204_위자드오브레전드적용_데코추가\frame126\release\wizard.obj
c:\users\gusha\onedrive\desktop\쥬신\3개월차\이현학\220204_위자드오브레전드적용_데코추가\frame126\release\tilemgr.obj
c:\users\gusha\onedrive\desktop\쥬신\3개월차\이현학\220204_위자드오브레전드적용_데코추가\frame126\release\tile.obj
c:\users\gusha\onedrive\desktop\쥬신\3개월차\이현학\220204_위자드오브레전드적용_데코추가\frame126\release\teleport.obj
c:\users\gusha\onedrive\desktop\쥬신\3개월차\이현학\220204_위자드오브레전드적용_데코추가\frame126\release\swordman.obj
c:\users\gusha\onedrive\desktop\쥬신\3개월차\이현학\220204_위자드오브레전드적용_데코추가\frame126\release\summon.obj
c:\users\gusha\onedrive\desktop\쥬신\3개월차\이현학\220204_위자드오브레전드적용_데코추가\frame126\release\stage2.obj
c:\users\gusha\onedrive\desktop\쥬신\3개월차\이현학\220204_위자드오브레전드적용_데코추가\frame126\release\stage.obj
c:\users\gusha\onedrive\desktop\쥬신\3개월차\이현학\220204_위자드오브레전드적용_데코추가\frame126\release\soundmgr.obj
c:\users\gusha\onedrive\desktop\쥬신\3개월차\이현학\220204_위자드오브레전드적용_데코추가\frame126\release\soileffect.obj
c:\users\gusha\onedrive\desktop\쥬신\3개월차\이현학\220204_위자드오브레전드적용_데코추가\frame126\release\soilcolumn.obj
c:\users\gusha\onedrive\desktop\쥬신\3개월차\이현학\220204_위자드오브레전드적용_데코추가\frame126\release\slash.obj
c:\users\gusha\onedrive\desktop\쥬신\3개월차\이현학\220204_위자드오브레전드적용_데코추가\frame126\release\shop.obj
c:\users\gusha\onedrive\desktop\쥬신\3개월차\이현학\220204_위자드오브레전드적용_데코추가\frame126\release\shadow.obj
c:\users\gusha\onedrive\desktop\쥬신\3개월차\이현학\220204_위자드오브레전드적용_데코추가\frame126\release\scrollmgr.obj
c:\users\gusha\onedrive\desktop\쥬신\3개월차\이현학\220204_위자드오브레전드적용_데코추가\frame126\release\screwbullet.obj
c:\users\gusha\onedrive\desktop\쥬신\3개월차\이현학\220204_위자드오브레전드적용_데코추가\frame126\release\scenemgr.obj
c:\users\gusha\onedrive\desktop\쥬신\3개월차\이현학\220204_위자드오브레전드적용_데코추가\frame126\release\scene.obj
c:\users\gusha\onedrive\desktop\쥬신\3개월차\이현학\220204_위자드오브레전드적용_데코추가\frame126\release\frame126.res
c:\users\gusha\onedrive\desktop\쥬신\3개월차\이현학\220204_위자드오브레전드적용_데코추가\release\frame126.pdb
c:\users\gusha\onedrive\desktop\쥬신\3개월차\이현학\220204_위자드오브레전드적용_데코추가\frame126\release\frame126.tlog\cl.command.1.tlog
c:\users\gusha\onedrive\desktop\쥬신\3개월차\이현학\220204_위자드오브레전드적용_데코추가\frame126\release\frame126.tlog\cl.read.1.tlog
c:\users\gusha\onedrive\desktop\쥬신\3개월차\이현학\220204_위자드오브레전드적용_데코추가\frame126\release\frame126.tlog\cl.write.1.tlog
c:\users\gusha\onedrive\desktop\쥬신\3개월차\이현학\220204_위자드오브레전드적용_데코추가\frame126\release\frame126.tlog\link-cvtres.read.1.tlog
c:\users\gusha\onedrive\desktop\쥬신\3개월차\이현학\220204_위자드오브레전드적용_데코추가\frame126\release\frame126.tlog\link-cvtres.write.1.tlog
c:\users\gusha\onedrive\desktop\쥬신\3개월차\이현학\220204_위자드오브레전드적용_데코추가\frame126\release\frame126.tlog\link-rc.read.1.tlog
c:\users\gusha\onedrive\desktop\쥬신\3개월차\이현학\220204_위자드오브레전드적용_데코추가\frame126\release\frame126.tlog\link-rc.write.1.tlog
c:\users\gusha\onedrive\desktop\쥬신\3개월차\이현학\220204_위자드오브레전드적용_데코추가\frame126\release\frame126.tlog\link.command.1.tlog
c:\users\gusha\onedrive\desktop\쥬신\3개월차\이현학\220204_위자드오브레전드적용_데코추가\frame126\release\frame126.tlog\link.read.1.tlog
c:\users\gusha\onedrive\desktop\쥬신\3개월차\이현학\220204_위자드오브레전드적용_데코추가\frame126\release\frame126.tlog\link.write.1.tlog
c:\users\gusha\onedrive\desktop\쥬신\3개월차\이현학\220204_위자드오브레전드적용_데코추가\frame126\release\frame126.tlog\rc.command.1.tlog
c:\users\gusha\onedrive\desktop\쥬신\3개월차\이현학\220204_위자드오브레전드적용_데코추가\frame126\release\frame126.tlog\rc.read.1.tlog
c:\users\gusha\onedrive\desktop\쥬신\3개월차\이현학\220204_위자드오브레전드적용_데코추가\frame126\release\frame126.tlog\rc.write.1.tlog
