  stdafx.cpp
  ArcherMan.cpp
  Arrow.cpp
  BmpMgr.cpp
  Boss.cpp
  BossSton.cpp
  BottomHole.cpp
  ColisionTile.cpp
  ColumnSkill.cpp
  Combo.cpp
  Ending.cpp
  GaiaArmor.cpp
  GameFont.cpp
  GoldBar.cpp
  IceBlastSkill.cpp
  IconSKill.cpp
  Inventory.cpp
  ItemFDragon.cpp
  ItemGaiaSheild.cpp
  ItemGold.cpp
  ItemIceBlast.cpp
  Compiling...
  ItemIceCrystal.cpp
  ItemPotion.cpp
  LavaTile.cpp
  Shadow.cpp
  Shop.cpp
  SoilColumn.cpp
  BossHpBar.cpp
  Bullet.cpp
  ChildEditer.cpp
  CollisionMgr.cpp
  Dash.cpp
  Deco.cpp
  SoilEffect.cpp
  EventEditor.cpp
  FileMgr.cpp
  FireBlast.cpp
  FireBlastBullet.cpp
  FireDragon.cpp
  FireParticle.cpp
  Frame126.cpp
  Compiling...
  GuideBullet.cpp
  HitEffect.cpp
  IceBlast.cpp
  KeyMgr.cpp
  Line.cpp
  LineMgr.cpp
  Logo.cpp
  MainGame.cpp
  MiddleBossHpBar.cpp
  MiddleBossShield.cpp
  MiddleBossSton.cpp
  Monster.cpp
  Mouse.cpp
  MyBmp.cpp
  MyButton.cpp
  MyEdit.cpp
  MyMenu.cpp
  Obj.cpp
  ObjMgr.cpp
  Player.cpp
  Compiling...
  PlayerBar.cpp
  PlayerSKillBar.cpp
  Scene.cpp
  SceneMgr.cpp
  ScrewBullet.cpp
  ScrollMgr.cpp
  IShield.cpp
  Slash.cpp
  SoundMgr.cpp
  Stage.cpp
  Stage2.cpp
  Summon.cpp
  SwordMan.cpp
  TelePort.cpp
  Tile.cpp
  TileMgr.cpp
  Wizard.cpp
  WizardBall.cpp
  MiddleBoss.cpp
  WizardFire.cpp
  Generating code
  2276 of 2278 functions (99.9%) were compiled, the rest were copied from previous compilation.
    8 functions were new in current compilation
    0 functions had inline decision re-evaluated but remain unchanged
  Finished generating code
  Frame126.vcxproj -> C:\Users\gusha\OneDrive\Desktop\쥬신\3개월차\이현학\220226_위자드오브레전드_완성본\Release\Frame126.exe
  Frame126.vcxproj -> C:\Users\gusha\OneDrive\Desktop\쥬신\3개월차\이현학\220226_위자드오브레전드_완성본\Release\Frame126.pdb (Full PDB)
